{"C:\\Users\\admin\\Documents\\GitHub\\node-js-hw-03\\app.js": {"path":"C:\\Users\\admin\\Documents\\GitHub\\node-js-hw-03\\app.js","statementMap":{"0":{"start":{"line":1,"column":16},"end":{"line":1,"column":34}},"1":{"start":{"line":2,"column":15},"end":{"line":2,"column":32}},"2":{"start":{"line":3,"column":13},"end":{"line":3,"column":28}},"3":{"start":{"line":4,"column":23},"end":{"line":4,"column":55}},"4":{"start":{"line":5,"column":12},"end":{"line":5,"column":21}},"5":{"start":{"line":7,"column":22},"end":{"line":7,"column":72}},"6":{"start":{"line":9,"column":0},"end":{"line":9,"column":31}},"7":{"start":{"line":10,"column":0},"end":{"line":10,"column":16}},"8":{"start":{"line":11,"column":0},"end":{"line":11,"column":24}},"9":{"start":{"line":13,"column":0},"end":{"line":13,"column":41}},"10":{"start":{"line":15,"column":0},"end":{"line":17,"column":3}},"11":{"start":{"line":16,"column":4},"end":{"line":16,"column":51}},"12":{"start":{"line":19,"column":0},"end":{"line":21,"column":3}},"13":{"start":{"line":20,"column":4},"end":{"line":20,"column":51}},"14":{"start":{"line":23,"column":0},"end":{"line":23,"column":21}}},"fnMap":{"0":{"name":"(anonymous_0)","decl":{"start":{"line":15,"column":8},"end":{"line":15,"column":9}},"loc":{"start":{"line":15,"column":22},"end":{"line":17,"column":1}},"line":15},"1":{"name":"(anonymous_1)","decl":{"start":{"line":19,"column":8},"end":{"line":19,"column":9}},"loc":{"start":{"line":19,"column":33},"end":{"line":21,"column":1}},"line":19}},"branchMap":{"0":{"loc":{"start":{"line":7,"column":22},"end":{"line":7,"column":72}},"type":"cond-expr","locations":[{"start":{"line":7,"column":57},"end":{"line":7,"column":62}},{"start":{"line":7,"column":65},"end":{"line":7,"column":72}}],"line":7}},"s":{"0":2,"1":2,"2":2,"3":2,"4":2,"5":2,"6":2,"7":2,"8":2,"9":2,"10":2,"11":0,"12":2,"13":0,"14":2},"f":{"0":0,"1":0},"b":{"0":[0,2]},"_coverageSchema":"1a1c01bbd47fc00a2c39e90264f33305004495a9","hash":"bd7fb50278c99727ccefa9b408439ef5d6dd4e05"}
,"C:\\Users\\admin\\Documents\\GitHub\\node-js-hw-03\\models\\contacts.js": {"path":"C:\\Users\\admin\\Documents\\GitHub\\node-js-hw-03\\models\\contacts.js","statementMap":{"0":{"start":{"line":1,"column":11},"end":{"line":1,"column":33}},"1":{"start":{"line":2,"column":13},"end":{"line":2,"column":28}},"2":{"start":{"line":3,"column":23},"end":{"line":3,"column":38}},"3":{"start":{"line":5,"column":20},"end":{"line":5,"column":86}},"4":{"start":{"line":7,"column":21},"end":{"line":15,"column":1}},"5":{"start":{"line":8,"column":4},"end":{"line":14,"column":5}},"6":{"start":{"line":9,"column":21},"end":{"line":9,"column":60}},"7":{"start":{"line":10,"column":8},"end":{"line":10,"column":32}},"8":{"start":{"line":12,"column":8},"end":{"line":12,"column":61}},"9":{"start":{"line":13,"column":8},"end":{"line":13,"column":55}},"10":{"start":{"line":17,"column":22},"end":{"line":26,"column":1}},"11":{"start":{"line":18,"column":25},"end":{"line":18,"column":45}},"12":{"start":{"line":19,"column":4},"end":{"line":25,"column":5}},"13":{"start":{"line":20,"column":8},"end":{"line":20,"column":76}},"14":{"start":{"line":21,"column":8},"end":{"line":21,"column":51}},"15":{"start":{"line":23,"column":8},"end":{"line":23,"column":61}},"16":{"start":{"line":24,"column":8},"end":{"line":24,"column":51}},"17":{"start":{"line":28,"column":21},"end":{"line":30,"column":1}},"18":{"start":{"line":29,"column":4},"end":{"line":29,"column":32}},"19":{"start":{"line":32,"column":23},"end":{"line":35,"column":1}},"20":{"start":{"line":33,"column":21},"end":{"line":33,"column":41}},"21":{"start":{"line":34,"column":4},"end":{"line":34,"column":70}},"22":{"start":{"line":34,"column":36},"end":{"line":34,"column":60}},"23":{"start":{"line":37,"column":22},"end":{"line":45,"column":1}},"24":{"start":{"line":38,"column":21},"end":{"line":38,"column":41}},"25":{"start":{"line":39,"column":29},"end":{"line":39,"column":81}},"26":{"start":{"line":39,"column":56},"end":{"line":39,"column":80}},"27":{"start":{"line":40,"column":4},"end":{"line":42,"column":5}},"28":{"start":{"line":41,"column":8},"end":{"line":41,"column":21}},"29":{"start":{"line":43,"column":4},"end":{"line":43,"column":42}},"30":{"start":{"line":44,"column":4},"end":{"line":44,"column":16}},"31":{"start":{"line":47,"column":19},"end":{"line":53,"column":1}},"32":{"start":{"line":48,"column":21},"end":{"line":48,"column":41}},"33":{"start":{"line":49,"column":23},"end":{"line":49,"column":48}},"34":{"start":{"line":50,"column":4},"end":{"line":50,"column":30}},"35":{"start":{"line":51,"column":4},"end":{"line":51,"column":34}},"36":{"start":{"line":52,"column":4},"end":{"line":52,"column":22}},"37":{"start":{"line":55,"column":22},"end":{"line":64,"column":1}},"38":{"start":{"line":56,"column":21},"end":{"line":56,"column":41}},"39":{"start":{"line":57,"column":18},"end":{"line":57,"column":73}},"40":{"start":{"line":57,"column":48},"end":{"line":57,"column":72}},"41":{"start":{"line":58,"column":4},"end":{"line":60,"column":5}},"42":{"start":{"line":59,"column":8},"end":{"line":59,"column":20}},"43":{"start":{"line":61,"column":4},"end":{"line":61,"column":54}},"44":{"start":{"line":62,"column":4},"end":{"line":62,"column":34}},"45":{"start":{"line":63,"column":4},"end":{"line":63,"column":27}},"46":{"start":{"line":66,"column":0},"end":{"line":72,"column":2}}},"fnMap":{"0":{"name":"(anonymous_0)","decl":{"start":{"line":7,"column":21},"end":{"line":7,"column":22}},"loc":{"start":{"line":7,"column":33},"end":{"line":15,"column":1}},"line":7},"1":{"name":"(anonymous_1)","decl":{"start":{"line":17,"column":22},"end":{"line":17,"column":23}},"loc":{"start":{"line":17,"column":42},"end":{"line":26,"column":1}},"line":17},"2":{"name":"(anonymous_2)","decl":{"start":{"line":28,"column":21},"end":{"line":28,"column":22}},"loc":{"start":{"line":28,"column":33},"end":{"line":30,"column":1}},"line":28},"3":{"name":"(anonymous_3)","decl":{"start":{"line":32,"column":23},"end":{"line":32,"column":24}},"loc":{"start":{"line":32,"column":44},"end":{"line":35,"column":1}},"line":32},"4":{"name":"(anonymous_4)","decl":{"start":{"line":34,"column":25},"end":{"line":34,"column":26}},"loc":{"start":{"line":34,"column":36},"end":{"line":34,"column":60}},"line":34},"5":{"name":"(anonymous_5)","decl":{"start":{"line":37,"column":22},"end":{"line":37,"column":23}},"loc":{"start":{"line":37,"column":43},"end":{"line":45,"column":1}},"line":37},"6":{"name":"(anonymous_6)","decl":{"start":{"line":39,"column":45},"end":{"line":39,"column":46}},"loc":{"start":{"line":39,"column":56},"end":{"line":39,"column":80}},"line":39},"7":{"name":"(anonymous_7)","decl":{"start":{"line":47,"column":19},"end":{"line":47,"column":20}},"loc":{"start":{"line":47,"column":35},"end":{"line":53,"column":1}},"line":47},"8":{"name":"(anonymous_8)","decl":{"start":{"line":55,"column":22},"end":{"line":55,"column":23}},"loc":{"start":{"line":55,"column":49},"end":{"line":64,"column":1}},"line":55},"9":{"name":"(anonymous_9)","decl":{"start":{"line":57,"column":37},"end":{"line":57,"column":38}},"loc":{"start":{"line":57,"column":48},"end":{"line":57,"column":72}},"line":57}},"branchMap":{"0":{"loc":{"start":{"line":5,"column":41},"end":{"line":5,"column":85}},"type":"binary-expr","locations":[{"start":{"line":5,"column":41},"end":{"line":5,"column":66}},{"start":{"line":5,"column":70},"end":{"line":5,"column":85}}],"line":5},"1":{"loc":{"start":{"line":34,"column":11},"end":{"line":34,"column":69}},"type":"binary-expr","locations":[{"start":{"line":34,"column":11},"end":{"line":34,"column":61}},{"start":{"line":34,"column":65},"end":{"line":34,"column":69}}],"line":34},"2":{"loc":{"start":{"line":40,"column":4},"end":{"line":42,"column":5}},"type":"if","locations":[{"start":{"line":40,"column":4},"end":{"line":42,"column":5}},{"start":{},"end":{}}],"line":40},"3":{"loc":{"start":{"line":58,"column":4},"end":{"line":60,"column":5}},"type":"if","locations":[{"start":{"line":58,"column":4},"end":{"line":60,"column":5}},{"start":{},"end":{}}],"line":58}},"s":{"0":3,"1":3,"2":3,"3":3,"4":3,"5":7,"6":7,"7":7,"8":0,"9":0,"10":3,"11":3,"12":3,"13":3,"14":3,"15":0,"16":0,"17":3,"18":1,"19":3,"20":2,"21":2,"22":3,"23":3,"24":1,"25":1,"26":2,"27":1,"28":0,"29":1,"30":1,"31":3,"32":1,"33":1,"34":1,"35":1,"36":1,"37":3,"38":2,"39":2,"40":3,"41":2,"42":1,"43":1,"44":1,"45":1,"46":3},"f":{"0":7,"1":3,"2":1,"3":2,"4":3,"5":1,"6":2,"7":1,"8":2,"9":3},"b":{"0":[3,3],"1":[2,1],"2":[0,1],"3":[1,1]},"_coverageSchema":"1a1c01bbd47fc00a2c39e90264f33305004495a9","hash":"4831151c5714c29e683a0d3f829dc75382528787"}
,"C:\\Users\\admin\\Documents\\GitHub\\node-js-hw-03\\routes\\api\\contacts.js": {"path":"C:\\Users\\admin\\Documents\\GitHub\\node-js-hw-03\\routes\\api\\contacts.js","statementMap":{"0":{"start":{"line":1,"column":16},"end":{"line":1,"column":34}},"1":{"start":{"line":2,"column":12},"end":{"line":2,"column":26}},"2":{"start":{"line":9,"column":4},"end":{"line":9,"column":36}},"3":{"start":{"line":10,"column":15},"end":{"line":10,"column":31}},"4":{"start":{"line":12,"column":22},"end":{"line":16,"column":2}},"5":{"start":{"line":18,"column":0},"end":{"line":25,"column":3}},"6":{"start":{"line":19,"column":4},"end":{"line":24,"column":5}},"7":{"start":{"line":20,"column":25},"end":{"line":20,"column":45}},"8":{"start":{"line":21,"column":8},"end":{"line":21,"column":39}},"9":{"start":{"line":23,"column":8},"end":{"line":23,"column":20}},"10":{"start":{"line":27,"column":0},"end":{"line":39,"column":3}},"11":{"start":{"line":28,"column":4},"end":{"line":38,"column":5}},"12":{"start":{"line":29,"column":25},"end":{"line":29,"column":45}},"13":{"start":{"line":30,"column":24},"end":{"line":30,"column":76}},"14":{"start":{"line":31,"column":8},"end":{"line":35,"column":9}},"15":{"start":{"line":32,"column":12},"end":{"line":32,"column":42}},"16":{"start":{"line":34,"column":12},"end":{"line":34,"column":59}},"17":{"start":{"line":37,"column":8},"end":{"line":37,"column":20}},"18":{"start":{"line":41,"column":0},"end":{"line":53,"column":3}},"19":{"start":{"line":42,"column":4},"end":{"line":52,"column":5}},"20":{"start":{"line":43,"column":26},"end":{"line":43,"column":58}},"21":{"start":{"line":44,"column":8},"end":{"line":47,"column":9}},"22":{"start":{"line":45,"column":12},"end":{"line":45,"column":62}},"23":{"start":{"line":46,"column":12},"end":{"line":46,"column":107}},"24":{"start":{"line":48,"column":27},"end":{"line":48,"column":53}},"25":{"start":{"line":49,"column":8},"end":{"line":49,"column":41}},"26":{"start":{"line":51,"column":8},"end":{"line":51,"column":20}},"27":{"start":{"line":55,"column":0},"end":{"line":66,"column":3}},"28":{"start":{"line":56,"column":4},"end":{"line":65,"column":5}},"29":{"start":{"line":57,"column":24},"end":{"line":57,"column":65}},"30":{"start":{"line":58,"column":8},"end":{"line":62,"column":9}},"31":{"start":{"line":59,"column":12},"end":{"line":59,"column":65}},"32":{"start":{"line":61,"column":12},"end":{"line":61,"column":59}},"33":{"start":{"line":64,"column":8},"end":{"line":64,"column":20}},"34":{"start":{"line":68,"column":0},"end":{"line":82,"column":3}},"35":{"start":{"line":69,"column":4},"end":{"line":81,"column":5}},"36":{"start":{"line":70,"column":8},"end":{"line":72,"column":9}},"37":{"start":{"line":71,"column":12},"end":{"line":71,"column":71}},"38":{"start":{"line":73,"column":31},"end":{"line":73,"column":82}},"39":{"start":{"line":74,"column":8},"end":{"line":78,"column":9}},"40":{"start":{"line":75,"column":12},"end":{"line":75,"column":49}},"41":{"start":{"line":77,"column":12},"end":{"line":77,"column":59}},"42":{"start":{"line":80,"column":8},"end":{"line":80,"column":20}},"43":{"start":{"line":84,"column":0},"end":{"line":84,"column":24}}},"fnMap":{"0":{"name":"(anonymous_0)","decl":{"start":{"line":18,"column":16},"end":{"line":18,"column":17}},"loc":{"start":{"line":18,"column":42},"end":{"line":25,"column":1}},"line":18},"1":{"name":"(anonymous_1)","decl":{"start":{"line":27,"column":26},"end":{"line":27,"column":27}},"loc":{"start":{"line":27,"column":52},"end":{"line":39,"column":1}},"line":27},"2":{"name":"(anonymous_2)","decl":{"start":{"line":41,"column":17},"end":{"line":41,"column":18}},"loc":{"start":{"line":41,"column":43},"end":{"line":53,"column":1}},"line":41},"3":{"name":"(anonymous_3)","decl":{"start":{"line":55,"column":29},"end":{"line":55,"column":30}},"loc":{"start":{"line":55,"column":55},"end":{"line":66,"column":1}},"line":55},"4":{"name":"(anonymous_4)","decl":{"start":{"line":68,"column":26},"end":{"line":68,"column":27}},"loc":{"start":{"line":68,"column":52},"end":{"line":82,"column":1}},"line":68}},"branchMap":{"0":{"loc":{"start":{"line":31,"column":8},"end":{"line":35,"column":9}},"type":"if","locations":[{"start":{"line":31,"column":8},"end":{"line":35,"column":9}},{"start":{"line":33,"column":15},"end":{"line":35,"column":9}}],"line":31},"1":{"loc":{"start":{"line":44,"column":8},"end":{"line":47,"column":9}},"type":"if","locations":[{"start":{"line":44,"column":8},"end":{"line":47,"column":9}},{"start":{},"end":{}}],"line":44},"2":{"loc":{"start":{"line":58,"column":8},"end":{"line":62,"column":9}},"type":"if","locations":[{"start":{"line":58,"column":8},"end":{"line":62,"column":9}},{"start":{"line":60,"column":15},"end":{"line":62,"column":9}}],"line":58},"3":{"loc":{"start":{"line":70,"column":8},"end":{"line":72,"column":9}},"type":"if","locations":[{"start":{"line":70,"column":8},"end":{"line":72,"column":9}},{"start":{},"end":{}}],"line":70},"4":{"loc":{"start":{"line":74,"column":8},"end":{"line":78,"column":9}},"type":"if","locations":[{"start":{"line":74,"column":8},"end":{"line":78,"column":9}},{"start":{"line":76,"column":15},"end":{"line":78,"column":9}}],"line":74}},"s":{"0":2,"1":2,"2":2,"3":2,"4":2,"5":2,"6":2,"7":2,"8":2,"9":0,"10":2,"11":2,"12":2,"13":2,"14":2,"15":2,"16":0,"17":0,"18":2,"19":2,"20":2,"21":2,"22":0,"23":0,"24":2,"25":2,"26":0,"27":2,"28":2,"29":2,"30":2,"31":2,"32":0,"33":0,"34":2,"35":2,"36":2,"37":0,"38":2,"39":2,"40":2,"41":0,"42":0,"43":2},"f":{"0":2,"1":2,"2":2,"3":2,"4":2},"b":{"0":[2,0],"1":[0,2],"2":[2,0],"3":[0,2],"4":[2,0]},"_coverageSchema":"1a1c01bbd47fc00a2c39e90264f33305004495a9","hash":"9e4ad0a425cb5b7341e348e5da4cd454a490ff1d"}
}
