TN:
SF:app.js
FN:15,(anonymous_0)
FN:19,(anonymous_1)
FNF:2
FNH:0
FNDA:0,(anonymous_0)
FNDA:0,(anonymous_1)
DA:1,2
DA:2,2
DA:3,2
DA:4,2
DA:5,2
DA:7,2
DA:9,2
DA:10,2
DA:11,2
DA:13,2
DA:15,2
DA:16,0
DA:19,2
DA:20,0
DA:23,2
LF:15
LH:13
BRDA:7,0,0,0
BRDA:7,0,1,2
BRF:2
BRH:1
end_of_record
TN:
SF:models\contacts.js
FN:7,(anonymous_0)
FN:17,(anonymous_1)
FN:28,(anonymous_2)
FN:32,(anonymous_3)
FN:34,(anonymous_4)
FN:37,(anonymous_5)
FN:39,(anonymous_6)
FN:47,(anonymous_7)
FN:55,(anonymous_8)
FN:57,(anonymous_9)
FNF:10
FNH:10
FNDA:7,(anonymous_0)
FNDA:3,(anonymous_1)
FNDA:1,(anonymous_2)
FNDA:2,(anonymous_3)
FNDA:3,(anonymous_4)
FNDA:1,(anonymous_5)
FNDA:2,(anonymous_6)
FNDA:1,(anonymous_7)
FNDA:2,(anonymous_8)
FNDA:3,(anonymous_9)
DA:1,3
DA:2,3
DA:3,3
DA:5,3
DA:7,3
DA:8,7
DA:9,7
DA:10,7
DA:12,0
DA:13,0
DA:17,3
DA:18,3
DA:19,3
DA:20,3
DA:21,3
DA:23,0
DA:24,0
DA:28,3
DA:29,1
DA:32,3
DA:33,2
DA:34,3
DA:37,3
DA:38,1
DA:39,2
DA:40,1
DA:41,0
DA:43,1
DA:44,1
DA:47,3
DA:48,1
DA:49,1
DA:50,1
DA:51,1
DA:52,1
DA:55,3
DA:56,2
DA:57,3
DA:58,2
DA:59,1
DA:61,1
DA:62,1
DA:63,1
DA:66,3
LF:44
LH:39
BRDA:5,0,0,3
BRDA:5,0,1,3
BRDA:34,1,0,2
BRDA:34,1,1,1
BRDA:40,2,0,0
BRDA:40,2,1,1
BRDA:58,3,0,1
BRDA:58,3,1,1
BRF:8
BRH:7
end_of_record
TN:
SF:routes\api\contacts.js
FN:18,(anonymous_0)
FN:27,(anonymous_1)
FN:41,(anonymous_2)
FN:55,(anonymous_3)
FN:68,(anonymous_4)
FNF:5
FNH:5
FNDA:2,(anonymous_0)
FNDA:2,(anonymous_1)
FNDA:2,(anonymous_2)
FNDA:2,(anonymous_3)
FNDA:2,(anonymous_4)
DA:1,2
DA:2,2
DA:9,2
DA:10,2
DA:12,2
DA:18,2
DA:19,2
DA:20,2
DA:21,2
DA:23,0
DA:27,2
DA:28,2
DA:29,2
DA:30,2
DA:31,2
DA:32,2
DA:34,0
DA:37,0
DA:41,2
DA:42,2
DA:43,2
DA:44,2
DA:45,0
DA:46,0
DA:48,2
DA:49,2
DA:51,0
DA:55,2
DA:56,2
DA:57,2
DA:58,2
DA:59,2
DA:61,0
DA:64,0
DA:68,2
DA:69,2
DA:70,2
DA:71,0
DA:73,2
DA:74,2
DA:75,2
DA:77,0
DA:80,0
DA:84,2
LF:44
LH:33
BRDA:31,0,0,2
BRDA:31,0,1,0
BRDA:44,1,0,0
BRDA:44,1,1,2
BRDA:58,2,0,2
BRDA:58,2,1,0
BRDA:70,3,0,0
BRDA:70,3,1,2
BRDA:74,4,0,2
BRDA:74,4,1,0
BRF:10
BRH:5
end_of_record
